<?xml version="1.0" encoding="UTF-8" ?>
<testsuite tests="208" failures="0" name="lubiezurek.texasholdem.server.model.card.CardTest" time="0.018" errors="0" skipped="0">
  <properties>
    <property name="java.runtime.name" value="OpenJDK Runtime Environment"/>
    <property name="sun.boot.library.path" value="/usr/lib/jvm/java-8-openjdk/jre/lib/amd64"/>
    <property name="java.vm.version" value="25.66-b17"/>
    <property name="exec.mainClass" value="lubiezurek.texasholdem.Program"/>
    <property name="java.vm.vendor" value="Oracle Corporation"/>
    <property name="maven.multiModuleProjectDirectory" value="/home/frondeus/TexasHoldem"/>
    <property name="java.vendor.url" value="http://java.oracle.com/"/>
    <property name="path.separator" value=":"/>
    <property name="guice.disable.misplaced.annotation.check" value="true"/>
    <property name="java.vm.name" value="OpenJDK 64-Bit Server VM"/>
    <property name="file.encoding.pkg" value="sun.io"/>
    <property name="user.country" value="PL"/>
    <property name="sun.java.launcher" value="SUN_STANDARD"/>
    <property name="sun.os.patch.level" value="unknown"/>
    <property name="java.vm.specification.name" value="Java Virtual Machine Specification"/>
    <property name="user.dir" value="/home/frondeus/OneDrive/Code/2016/Studia.TP/TexasHoldem"/>
    <property name="java.runtime.version" value="1.8.0_66-b17"/>
    <property name="java.awt.graphicsenv" value="sun.awt.X11GraphicsEnvironment"/>
    <property name="java.endorsed.dirs" value="/usr/lib/jvm/java-8-openjdk/jre/lib/endorsed"/>
    <property name="os.arch" value="amd64"/>
    <property name="java.io.tmpdir" value="/tmp"/>
    <property name="line.separator" value="
"/>
    <property name="java.vm.specification.vendor" value="Oracle Corporation"/>
    <property name="os.name" value="Linux"/>
    <property name="classworlds.conf" value="/opt/maven/bin/m2.conf"/>
    <property name="sun.jnu.encoding" value="UTF-8"/>
    <property name="java.library.path" value="/usr/java/packages/lib/amd64:/usr/lib64:/lib64:/lib:/usr/lib"/>
    <property name="java.specification.name" value="Java Platform API Specification"/>
    <property name="java.class.version" value="52.0"/>
    <property name="sun.management.compiler" value="HotSpot 64-Bit Tiered Compilers"/>
    <property name="os.version" value="4.3.3-2-ARCH"/>
    <property name="user.home" value="/home/frondeus"/>
    <property name="user.timezone" value="Europe/Warsaw"/>
    <property name="java.awt.printerjob" value="sun.print.PSPrinterJob"/>
    <property name="java.specification.version" value="1.8"/>
    <property name="file.encoding" value="UTF-8"/>
    <property name="user.name" value="frondeus"/>
    <property name="java.class.path" value="/opt/maven/boot/plexus-classworlds-2.5.2.jar"/>
    <property name="java.vm.specification.version" value="1.8"/>
    <property name="sun.arch.data.model" value="64"/>
    <property name="java.home" value="/usr/lib/jvm/java-8-openjdk/jre"/>
    <property name="sun.java.command" value="org.codehaus.plexus.classworlds.launcher.Launcher clean compile assembly:single test exec:java -Dexec.mainClass=lubiezurek.texasholdem.Program -Dexec.args=7777 2"/>
    <property name="java.specification.vendor" value="Oracle Corporation"/>
    <property name="user.language" value="pl"/>
    <property name="awt.toolkit" value="sun.awt.X11.XToolkit"/>
    <property name="java.vm.info" value="mixed mode"/>
    <property name="java.version" value="1.8.0_66"/>
    <property name="java.ext.dirs" value="/usr/lib/jvm/java-8-openjdk/jre/lib/ext:/usr/java/packages/lib/ext"/>
    <property name="securerandom.source" value="file:/dev/./urandom"/>
    <property name="sun.boot.class.path" value="/usr/lib/jvm/java-8-openjdk/jre/lib/resources.jar:/usr/lib/jvm/java-8-openjdk/jre/lib/rt.jar:/usr/lib/jvm/java-8-openjdk/jre/lib/sunrsasign.jar:/usr/lib/jvm/java-8-openjdk/jre/lib/jsse.jar:/usr/lib/jvm/java-8-openjdk/jre/lib/jce.jar:/usr/lib/jvm/java-8-openjdk/jre/lib/charsets.jar:/usr/lib/jvm/java-8-openjdk/jre/lib/jfr.jar:/usr/lib/jvm/java-8-openjdk/jre/classes"/>
    <property name="java.vendor" value="Oracle Corporation"/>
    <property name="maven.home" value="/opt/maven"/>
    <property name="file.separator" value="/"/>
    <property name="java.vendor.url.bug" value="http://bugreport.sun.com/bugreport/"/>
    <property name="sun.cpu.endian" value="little"/>
    <property name="sun.io.unicode.encoding" value="UnicodeLittle"/>
    <property name="exec.args" value="7777 2"/>
    <property name="sun.cpu.isalist" value=""/>
  </properties>
  <testcase classname="lubiezurek.texasholdem.server.model.card.CardTest" name="testNullSuit[0]" time="0.001"/>
  <testcase classname="lubiezurek.texasholdem.server.model.card.CardTest" name="testNullCardValue[0]" time="0"/>
  <testcase classname="lubiezurek.texasholdem.server.model.card.CardTest" name="testGetSuit[0]" time="0"/>
  <testcase classname="lubiezurek.texasholdem.server.model.card.CardTest" name="testGetCardValue[0]" time="0"/>
  <testcase classname="lubiezurek.texasholdem.server.model.card.CardTest" name="testNullSuit[1]" time="0"/>
  <testcase classname="lubiezurek.texasholdem.server.model.card.CardTest" name="testNullCardValue[1]" time="0.001"/>
  <testcase classname="lubiezurek.texasholdem.server.model.card.CardTest" name="testGetSuit[1]" time="0"/>
  <testcase classname="lubiezurek.texasholdem.server.model.card.CardTest" name="testGetCardValue[1]" time="0"/>
  <testcase classname="lubiezurek.texasholdem.server.model.card.CardTest" name="testNullSuit[2]" time="0.001"/>
  <testcase classname="lubiezurek.texasholdem.server.model.card.CardTest" name="testNullCardValue[2]" time="0"/>
  <testcase classname="lubiezurek.texasholdem.server.model.card.CardTest" name="testGetSuit[2]" time="0"/>
  <testcase classname="lubiezurek.texasholdem.server.model.card.CardTest" name="testGetCardValue[2]" time="0"/>
  <testcase classname="lubiezurek.texasholdem.server.model.card.CardTest" name="testNullSuit[3]" time="0"/>
  <testcase classname="lubiezurek.texasholdem.server.model.card.CardTest" name="testNullCardValue[3]" time="0.001"/>
  <testcase classname="lubiezurek.texasholdem.server.model.card.CardTest" name="testGetSuit[3]" time="0"/>
  <testcase classname="lubiezurek.texasholdem.server.model.card.CardTest" name="testGetCardValue[3]" time="0"/>
  <testcase classname="lubiezurek.texasholdem.server.model.card.CardTest" name="testNullSuit[4]" time="0"/>
  <testcase classname="lubiezurek.texasholdem.server.model.card.CardTest" name="testNullCardValue[4]" time="0"/>
  <testcase classname="lubiezurek.texasholdem.server.model.card.CardTest" name="testGetSuit[4]" time="0"/>
  <testcase classname="lubiezurek.texasholdem.server.model.card.CardTest" name="testGetCardValue[4]" time="0.001"/>
  <testcase classname="lubiezurek.texasholdem.server.model.card.CardTest" name="testNullSuit[5]" time="0"/>
  <testcase classname="lubiezurek.texasholdem.server.model.card.CardTest" name="testNullCardValue[5]" time="0"/>
  <testcase classname="lubiezurek.texasholdem.server.model.card.CardTest" name="testGetSuit[5]" time="0"/>
  <testcase classname="lubiezurek.texasholdem.server.model.card.CardTest" name="testGetCardValue[5]" time="0"/>
  <testcase classname="lubiezurek.texasholdem.server.model.card.CardTest" name="testNullSuit[6]" time="0.001"/>
  <testcase classname="lubiezurek.texasholdem.server.model.card.CardTest" name="testNullCardValue[6]" time="0"/>
  <testcase classname="lubiezurek.texasholdem.server.model.card.CardTest" name="testGetSuit[6]" time="0"/>
  <testcase classname="lubiezurek.texasholdem.server.model.card.CardTest" name="testGetCardValue[6]" time="0"/>
  <testcase classname="lubiezurek.texasholdem.server.model.card.CardTest" name="testNullSuit[7]" time="0"/>
  <testcase classname="lubiezurek.texasholdem.server.model.card.CardTest" name="testNullCardValue[7]" time="0"/>
  <testcase classname="lubiezurek.texasholdem.server.model.card.CardTest" name="testGetSuit[7]" time="0"/>
  <testcase classname="lubiezurek.texasholdem.server.model.card.CardTest" name="testGetCardValue[7]" time="0"/>
  <testcase classname="lubiezurek.texasholdem.server.model.card.CardTest" name="testNullSuit[8]" time="0"/>
  <testcase classname="lubiezurek.texasholdem.server.model.card.CardTest" name="testNullCardValue[8]" time="0.001"/>
  <testcase classname="lubiezurek.texasholdem.server.model.card.CardTest" name="testGetSuit[8]" time="0"/>
  <testcase classname="lubiezurek.texasholdem.server.model.card.CardTest" name="testGetCardValue[8]" time="0"/>
  <testcase classname="lubiezurek.texasholdem.server.model.card.CardTest" name="testNullSuit[9]" time="0"/>
  <testcase classname="lubiezurek.texasholdem.server.model.card.CardTest" name="testNullCardValue[9]" time="0"/>
  <testcase classname="lubiezurek.texasholdem.server.model.card.CardTest" name="testGetSuit[9]" time="0.001"/>
  <testcase classname="lubiezurek.texasholdem.server.model.card.CardTest" name="testGetCardValue[9]" time="0"/>
  <testcase classname="lubiezurek.texasholdem.server.model.card.CardTest" name="testNullSuit[10]" time="0"/>
  <testcase classname="lubiezurek.texasholdem.server.model.card.CardTest" name="testNullCardValue[10]" time="0.001"/>
  <testcase classname="lubiezurek.texasholdem.server.model.card.CardTest" name="testGetSuit[10]" time="0"/>
  <testcase classname="lubiezurek.texasholdem.server.model.card.CardTest" name="testGetCardValue[10]" time="0"/>
  <testcase classname="lubiezurek.texasholdem.server.model.card.CardTest" name="testNullSuit[11]" time="0"/>
  <testcase classname="lubiezurek.texasholdem.server.model.card.CardTest" name="testNullCardValue[11]" time="0"/>
  <testcase classname="lubiezurek.texasholdem.server.model.card.CardTest" name="testGetSuit[11]" time="0"/>
  <testcase classname="lubiezurek.texasholdem.server.model.card.CardTest" name="testGetCardValue[11]" time="0"/>
  <testcase classname="lubiezurek.texasholdem.server.model.card.CardTest" name="testNullSuit[12]" time="0"/>
  <testcase classname="lubiezurek.texasholdem.server.model.card.CardTest" name="testNullCardValue[12]" time="0"/>
  <testcase classname="lubiezurek.texasholdem.server.model.card.CardTest" name="testGetSuit[12]" time="0"/>
  <testcase classname="lubiezurek.texasholdem.server.model.card.CardTest" name="testGetCardValue[12]" time="0"/>
  <testcase classname="lubiezurek.texasholdem.server.model.card.CardTest" name="testNullSuit[13]" time="0"/>
  <testcase classname="lubiezurek.texasholdem.server.model.card.CardTest" name="testNullCardValue[13]" time="0"/>
  <testcase classname="lubiezurek.texasholdem.server.model.card.CardTest" name="testGetSuit[13]" time="0"/>
  <testcase classname="lubiezurek.texasholdem.server.model.card.CardTest" name="testGetCardValue[13]" time="0"/>
  <testcase classname="lubiezurek.texasholdem.server.model.card.CardTest" name="testNullSuit[14]" time="0"/>
  <testcase classname="lubiezurek.texasholdem.server.model.card.CardTest" name="testNullCardValue[14]" time="0"/>
  <testcase classname="lubiezurek.texasholdem.server.model.card.CardTest" name="testGetSuit[14]" time="0"/>
  <testcase classname="lubiezurek.texasholdem.server.model.card.CardTest" name="testGetCardValue[14]" time="0"/>
  <testcase classname="lubiezurek.texasholdem.server.model.card.CardTest" name="testNullSuit[15]" time="0"/>
  <testcase classname="lubiezurek.texasholdem.server.model.card.CardTest" name="testNullCardValue[15]" time="0"/>
  <testcase classname="lubiezurek.texasholdem.server.model.card.CardTest" name="testGetSuit[15]" time="0"/>
  <testcase classname="lubiezurek.texasholdem.server.model.card.CardTest" name="testGetCardValue[15]" time="0"/>
  <testcase classname="lubiezurek.texasholdem.server.model.card.CardTest" name="testNullSuit[16]" time="0"/>
  <testcase classname="lubiezurek.texasholdem.server.model.card.CardTest" name="testNullCardValue[16]" time="0"/>
  <testcase classname="lubiezurek.texasholdem.server.model.card.CardTest" name="testGetSuit[16]" time="0"/>
  <testcase classname="lubiezurek.texasholdem.server.model.card.CardTest" name="testGetCardValue[16]" time="0"/>
  <testcase classname="lubiezurek.texasholdem.server.model.card.CardTest" name="testNullSuit[17]" time="0"/>
  <testcase classname="lubiezurek.texasholdem.server.model.card.CardTest" name="testNullCardValue[17]" time="0"/>
  <testcase classname="lubiezurek.texasholdem.server.model.card.CardTest" name="testGetSuit[17]" time="0"/>
  <testcase classname="lubiezurek.texasholdem.server.model.card.CardTest" name="testGetCardValue[17]" time="0"/>
  <testcase classname="lubiezurek.texasholdem.server.model.card.CardTest" name="testNullSuit[18]" time="0"/>
  <testcase classname="lubiezurek.texasholdem.server.model.card.CardTest" name="testNullCardValue[18]" time="0"/>
  <testcase classname="lubiezurek.texasholdem.server.model.card.CardTest" name="testGetSuit[18]" time="0"/>
  <testcase classname="lubiezurek.texasholdem.server.model.card.CardTest" name="testGetCardValue[18]" time="0"/>
  <testcase classname="lubiezurek.texasholdem.server.model.card.CardTest" name="testNullSuit[19]" time="0"/>
  <testcase classname="lubiezurek.texasholdem.server.model.card.CardTest" name="testNullCardValue[19]" time="0"/>
  <testcase classname="lubiezurek.texasholdem.server.model.card.CardTest" name="testGetSuit[19]" time="0"/>
  <testcase classname="lubiezurek.texasholdem.server.model.card.CardTest" name="testGetCardValue[19]" time="0"/>
  <testcase classname="lubiezurek.texasholdem.server.model.card.CardTest" name="testNullSuit[20]" time="0"/>
  <testcase classname="lubiezurek.texasholdem.server.model.card.CardTest" name="testNullCardValue[20]" time="0"/>
  <testcase classname="lubiezurek.texasholdem.server.model.card.CardTest" name="testGetSuit[20]" time="0"/>
  <testcase classname="lubiezurek.texasholdem.server.model.card.CardTest" name="testGetCardValue[20]" time="0"/>
  <testcase classname="lubiezurek.texasholdem.server.model.card.CardTest" name="testNullSuit[21]" time="0"/>
  <testcase classname="lubiezurek.texasholdem.server.model.card.CardTest" name="testNullCardValue[21]" time="0"/>
  <testcase classname="lubiezurek.texasholdem.server.model.card.CardTest" name="testGetSuit[21]" time="0"/>
  <testcase classname="lubiezurek.texasholdem.server.model.card.CardTest" name="testGetCardValue[21]" time="0"/>
  <testcase classname="lubiezurek.texasholdem.server.model.card.CardTest" name="testNullSuit[22]" time="0"/>
  <testcase classname="lubiezurek.texasholdem.server.model.card.CardTest" name="testNullCardValue[22]" time="0"/>
  <testcase classname="lubiezurek.texasholdem.server.model.card.CardTest" name="testGetSuit[22]" time="0"/>
  <testcase classname="lubiezurek.texasholdem.server.model.card.CardTest" name="testGetCardValue[22]" time="0"/>
  <testcase classname="lubiezurek.texasholdem.server.model.card.CardTest" name="testNullSuit[23]" time="0"/>
  <testcase classname="lubiezurek.texasholdem.server.model.card.CardTest" name="testNullCardValue[23]" time="0"/>
  <testcase classname="lubiezurek.texasholdem.server.model.card.CardTest" name="testGetSuit[23]" time="0"/>
  <testcase classname="lubiezurek.texasholdem.server.model.card.CardTest" name="testGetCardValue[23]" time="0"/>
  <testcase classname="lubiezurek.texasholdem.server.model.card.CardTest" name="testNullSuit[24]" time="0"/>
  <testcase classname="lubiezurek.texasholdem.server.model.card.CardTest" name="testNullCardValue[24]" time="0"/>
  <testcase classname="lubiezurek.texasholdem.server.model.card.CardTest" name="testGetSuit[24]" time="0.001"/>
  <testcase classname="lubiezurek.texasholdem.server.model.card.CardTest" name="testGetCardValue[24]" time="0"/>
  <testcase classname="lubiezurek.texasholdem.server.model.card.CardTest" name="testNullSuit[25]" time="0"/>
  <testcase classname="lubiezurek.texasholdem.server.model.card.CardTest" name="testNullCardValue[25]" time="0.001"/>
  <testcase classname="lubiezurek.texasholdem.server.model.card.CardTest" name="testGetSuit[25]" time="0"/>
  <testcase classname="lubiezurek.texasholdem.server.model.card.CardTest" name="testGetCardValue[25]" time="0"/>
  <testcase classname="lubiezurek.texasholdem.server.model.card.CardTest" name="testNullSuit[26]" time="0"/>
  <testcase classname="lubiezurek.texasholdem.server.model.card.CardTest" name="testNullCardValue[26]" time="0.001"/>
  <testcase classname="lubiezurek.texasholdem.server.model.card.CardTest" name="testGetSuit[26]" time="0"/>
  <testcase classname="lubiezurek.texasholdem.server.model.card.CardTest" name="testGetCardValue[26]" time="0"/>
  <testcase classname="lubiezurek.texasholdem.server.model.card.CardTest" name="testNullSuit[27]" time="0.001"/>
  <testcase classname="lubiezurek.texasholdem.server.model.card.CardTest" name="testNullCardValue[27]" time="0"/>
  <testcase classname="lubiezurek.texasholdem.server.model.card.CardTest" name="testGetSuit[27]" time="0"/>
  <testcase classname="lubiezurek.texasholdem.server.model.card.CardTest" name="testGetCardValue[27]" time="0"/>
  <testcase classname="lubiezurek.texasholdem.server.model.card.CardTest" name="testNullSuit[28]" time="0"/>
  <testcase classname="lubiezurek.texasholdem.server.model.card.CardTest" name="testNullCardValue[28]" time="0"/>
  <testcase classname="lubiezurek.texasholdem.server.model.card.CardTest" name="testGetSuit[28]" time="0"/>
  <testcase classname="lubiezurek.texasholdem.server.model.card.CardTest" name="testGetCardValue[28]" time="0"/>
  <testcase classname="lubiezurek.texasholdem.server.model.card.CardTest" name="testNullSuit[29]" time="0"/>
  <testcase classname="lubiezurek.texasholdem.server.model.card.CardTest" name="testNullCardValue[29]" time="0"/>
  <testcase classname="lubiezurek.texasholdem.server.model.card.CardTest" name="testGetSuit[29]" time="0"/>
  <testcase classname="lubiezurek.texasholdem.server.model.card.CardTest" name="testGetCardValue[29]" time="0"/>
  <testcase classname="lubiezurek.texasholdem.server.model.card.CardTest" name="testNullSuit[30]" time="0"/>
  <testcase classname="lubiezurek.texasholdem.server.model.card.CardTest" name="testNullCardValue[30]" time="0"/>
  <testcase classname="lubiezurek.texasholdem.server.model.card.CardTest" name="testGetSuit[30]" time="0"/>
  <testcase classname="lubiezurek.texasholdem.server.model.card.CardTest" name="testGetCardValue[30]" time="0"/>
  <testcase classname="lubiezurek.texasholdem.server.model.card.CardTest" name="testNullSuit[31]" time="0"/>
  <testcase classname="lubiezurek.texasholdem.server.model.card.CardTest" name="testNullCardValue[31]" time="0"/>
  <testcase classname="lubiezurek.texasholdem.server.model.card.CardTest" name="testGetSuit[31]" time="0"/>
  <testcase classname="lubiezurek.texasholdem.server.model.card.CardTest" name="testGetCardValue[31]" time="0"/>
  <testcase classname="lubiezurek.texasholdem.server.model.card.CardTest" name="testNullSuit[32]" time="0"/>
  <testcase classname="lubiezurek.texasholdem.server.model.card.CardTest" name="testNullCardValue[32]" time="0"/>
  <testcase classname="lubiezurek.texasholdem.server.model.card.CardTest" name="testGetSuit[32]" time="0"/>
  <testcase classname="lubiezurek.texasholdem.server.model.card.CardTest" name="testGetCardValue[32]" time="0"/>
  <testcase classname="lubiezurek.texasholdem.server.model.card.CardTest" name="testNullSuit[33]" time="0"/>
  <testcase classname="lubiezurek.texasholdem.server.model.card.CardTest" name="testNullCardValue[33]" time="0"/>
  <testcase classname="lubiezurek.texasholdem.server.model.card.CardTest" name="testGetSuit[33]" time="0"/>
  <testcase classname="lubiezurek.texasholdem.server.model.card.CardTest" name="testGetCardValue[33]" time="0"/>
  <testcase classname="lubiezurek.texasholdem.server.model.card.CardTest" name="testNullSuit[34]" time="0"/>
  <testcase classname="lubiezurek.texasholdem.server.model.card.CardTest" name="testNullCardValue[34]" time="0"/>
  <testcase classname="lubiezurek.texasholdem.server.model.card.CardTest" name="testGetSuit[34]" time="0.001"/>
  <testcase classname="lubiezurek.texasholdem.server.model.card.CardTest" name="testGetCardValue[34]" time="0"/>
  <testcase classname="lubiezurek.texasholdem.server.model.card.CardTest" name="testNullSuit[35]" time="0"/>
  <testcase classname="lubiezurek.texasholdem.server.model.card.CardTest" name="testNullCardValue[35]" time="0"/>
  <testcase classname="lubiezurek.texasholdem.server.model.card.CardTest" name="testGetSuit[35]" time="0"/>
  <testcase classname="lubiezurek.texasholdem.server.model.card.CardTest" name="testGetCardValue[35]" time="0"/>
  <testcase classname="lubiezurek.texasholdem.server.model.card.CardTest" name="testNullSuit[36]" time="0"/>
  <testcase classname="lubiezurek.texasholdem.server.model.card.CardTest" name="testNullCardValue[36]" time="0"/>
  <testcase classname="lubiezurek.texasholdem.server.model.card.CardTest" name="testGetSuit[36]" time="0"/>
  <testcase classname="lubiezurek.texasholdem.server.model.card.CardTest" name="testGetCardValue[36]" time="0"/>
  <testcase classname="lubiezurek.texasholdem.server.model.card.CardTest" name="testNullSuit[37]" time="0"/>
  <testcase classname="lubiezurek.texasholdem.server.model.card.CardTest" name="testNullCardValue[37]" time="0"/>
  <testcase classname="lubiezurek.texasholdem.server.model.card.CardTest" name="testGetSuit[37]" time="0"/>
  <testcase classname="lubiezurek.texasholdem.server.model.card.CardTest" name="testGetCardValue[37]" time="0"/>
  <testcase classname="lubiezurek.texasholdem.server.model.card.CardTest" name="testNullSuit[38]" time="0.001"/>
  <testcase classname="lubiezurek.texasholdem.server.model.card.CardTest" name="testNullCardValue[38]" time="0"/>
  <testcase classname="lubiezurek.texasholdem.server.model.card.CardTest" name="testGetSuit[38]" time="0"/>
  <testcase classname="lubiezurek.texasholdem.server.model.card.CardTest" name="testGetCardValue[38]" time="0"/>
  <testcase classname="lubiezurek.texasholdem.server.model.card.CardTest" name="testNullSuit[39]" time="0.001"/>
  <testcase classname="lubiezurek.texasholdem.server.model.card.CardTest" name="testNullCardValue[39]" time="0"/>
  <testcase classname="lubiezurek.texasholdem.server.model.card.CardTest" name="testGetSuit[39]" time="0"/>
  <testcase classname="lubiezurek.texasholdem.server.model.card.CardTest" name="testGetCardValue[39]" time="0"/>
  <testcase classname="lubiezurek.texasholdem.server.model.card.CardTest" name="testNullSuit[40]" time="0"/>
  <testcase classname="lubiezurek.texasholdem.server.model.card.CardTest" name="testNullCardValue[40]" time="0.001"/>
  <testcase classname="lubiezurek.texasholdem.server.model.card.CardTest" name="testGetSuit[40]" time="0"/>
  <testcase classname="lubiezurek.texasholdem.server.model.card.CardTest" name="testGetCardValue[40]" time="0"/>
  <testcase classname="lubiezurek.texasholdem.server.model.card.CardTest" name="testNullSuit[41]" time="0"/>
  <testcase classname="lubiezurek.texasholdem.server.model.card.CardTest" name="testNullCardValue[41]" time="0"/>
  <testcase classname="lubiezurek.texasholdem.server.model.card.CardTest" name="testGetSuit[41]" time="0"/>
  <testcase classname="lubiezurek.texasholdem.server.model.card.CardTest" name="testGetCardValue[41]" time="0"/>
  <testcase classname="lubiezurek.texasholdem.server.model.card.CardTest" name="testNullSuit[42]" time="0"/>
  <testcase classname="lubiezurek.texasholdem.server.model.card.CardTest" name="testNullCardValue[42]" time="0.001"/>
  <testcase classname="lubiezurek.texasholdem.server.model.card.CardTest" name="testGetSuit[42]" time="0"/>
  <testcase classname="lubiezurek.texasholdem.server.model.card.CardTest" name="testGetCardValue[42]" time="0"/>
  <testcase classname="lubiezurek.texasholdem.server.model.card.CardTest" name="testNullSuit[43]" time="0"/>
  <testcase classname="lubiezurek.texasholdem.server.model.card.CardTest" name="testNullCardValue[43]" time="0"/>
  <testcase classname="lubiezurek.texasholdem.server.model.card.CardTest" name="testGetSuit[43]" time="0"/>
  <testcase classname="lubiezurek.texasholdem.server.model.card.CardTest" name="testGetCardValue[43]" time="0"/>
  <testcase classname="lubiezurek.texasholdem.server.model.card.CardTest" name="testNullSuit[44]" time="0"/>
  <testcase classname="lubiezurek.texasholdem.server.model.card.CardTest" name="testNullCardValue[44]" time="0"/>
  <testcase classname="lubiezurek.texasholdem.server.model.card.CardTest" name="testGetSuit[44]" time="0"/>
  <testcase classname="lubiezurek.texasholdem.server.model.card.CardTest" name="testGetCardValue[44]" time="0"/>
  <testcase classname="lubiezurek.texasholdem.server.model.card.CardTest" name="testNullSuit[45]" time="0"/>
  <testcase classname="lubiezurek.texasholdem.server.model.card.CardTest" name="testNullCardValue[45]" time="0"/>
  <testcase classname="lubiezurek.texasholdem.server.model.card.CardTest" name="testGetSuit[45]" time="0"/>
  <testcase classname="lubiezurek.texasholdem.server.model.card.CardTest" name="testGetCardValue[45]" time="0"/>
  <testcase classname="lubiezurek.texasholdem.server.model.card.CardTest" name="testNullSuit[46]" time="0"/>
  <testcase classname="lubiezurek.texasholdem.server.model.card.CardTest" name="testNullCardValue[46]" time="0"/>
  <testcase classname="lubiezurek.texasholdem.server.model.card.CardTest" name="testGetSuit[46]" time="0"/>
  <testcase classname="lubiezurek.texasholdem.server.model.card.CardTest" name="testGetCardValue[46]" time="0"/>
  <testcase classname="lubiezurek.texasholdem.server.model.card.CardTest" name="testNullSuit[47]" time="0"/>
  <testcase classname="lubiezurek.texasholdem.server.model.card.CardTest" name="testNullCardValue[47]" time="0"/>
  <testcase classname="lubiezurek.texasholdem.server.model.card.CardTest" name="testGetSuit[47]" time="0"/>
  <testcase classname="lubiezurek.texasholdem.server.model.card.CardTest" name="testGetCardValue[47]" time="0"/>
  <testcase classname="lubiezurek.texasholdem.server.model.card.CardTest" name="testNullSuit[48]" time="0"/>
  <testcase classname="lubiezurek.texasholdem.server.model.card.CardTest" name="testNullCardValue[48]" time="0"/>
  <testcase classname="lubiezurek.texasholdem.server.model.card.CardTest" name="testGetSuit[48]" time="0"/>
  <testcase classname="lubiezurek.texasholdem.server.model.card.CardTest" name="testGetCardValue[48]" time="0"/>
  <testcase classname="lubiezurek.texasholdem.server.model.card.CardTest" name="testNullSuit[49]" time="0"/>
  <testcase classname="lubiezurek.texasholdem.server.model.card.CardTest" name="testNullCardValue[49]" time="0"/>
  <testcase classname="lubiezurek.texasholdem.server.model.card.CardTest" name="testGetSuit[49]" time="0"/>
  <testcase classname="lubiezurek.texasholdem.server.model.card.CardTest" name="testGetCardValue[49]" time="0"/>
  <testcase classname="lubiezurek.texasholdem.server.model.card.CardTest" name="testNullSuit[50]" time="0"/>
  <testcase classname="lubiezurek.texasholdem.server.model.card.CardTest" name="testNullCardValue[50]" time="0"/>
  <testcase classname="lubiezurek.texasholdem.server.model.card.CardTest" name="testGetSuit[50]" time="0"/>
  <testcase classname="lubiezurek.texasholdem.server.model.card.CardTest" name="testGetCardValue[50]" time="0"/>
  <testcase classname="lubiezurek.texasholdem.server.model.card.CardTest" name="testNullSuit[51]" time="0"/>
  <testcase classname="lubiezurek.texasholdem.server.model.card.CardTest" name="testNullCardValue[51]" time="0"/>
  <testcase classname="lubiezurek.texasholdem.server.model.card.CardTest" name="testGetSuit[51]" time="0"/>
  <testcase classname="lubiezurek.texasholdem.server.model.card.CardTest" name="testGetCardValue[51]" time="0"/>
</testsuite>